[2025-10-22 02:35:25] 🚀 Starting deployment process...
[2025-10-22 02:54:39] 🚀 Starting deployment process...
[2025-10-22 03:03:14] ✅ Inputs received successfully.
[2025-10-22 03:06:08] 🚀 Starting deployment process...
[2025-10-22 03:09:17] ✅ Inputs received successfully.
[2025-10-22 03:09:17] 📦 Cloning or updating the repository...
[2025-10-22 03:09:18] 📥 Cloning repository from https://github.com/Collinsthegreat/hng13-stage1-devops...
[2025-10-22 03:13:27] 🚀 Starting deployment process...
[2025-10-22 03:14:38] ✅ Inputs received successfully.
[2025-10-22 03:14:38] 📦 Cloning or updating the repository...
[2025-10-22 03:14:38] 🔄 Repository already exists. Pulling latest changes...
[2025-10-22 03:18:06] 🚀 Starting deployment process...
[2025-10-22 03:19:19] ✅ Inputs received successfully.
[2025-10-22 03:19:19] 📦 Cloning or updating the repository...
[2025-10-22 03:19:19] 🔄 Repository already exists. Pulling latest changes...
[2025-10-22 03:19:49] 🚀 Starting deployment process...
[2025-10-22 03:21:00] 🚀 Starting deployment process...
[2025-10-22 03:21:57] ✅ Inputs received successfully.
[2025-10-22 03:21:57] 📦 Cloning or updating the repository...
[2025-10-22 03:21:57] 🔄 Repository already exists. Pulling latest changes...
[2025-10-22 03:24:47] 🚀 Starting deployment process...
[2025-10-22 03:26:02] ✅ Inputs received successfully.
[2025-10-22 03:26:02] 📦 Cloning or updating the repository...
[2025-10-22 03:26:02] 🔄 Repository already exists. Pulling latest changes...
[2025-10-22 03:31:27] 🚀 Starting deployment process...
[2025-10-22 03:32:50] ✅ Inputs received successfully.
[2025-10-22 03:32:50] 📦 Cloning or updating the repository...
[2025-10-22 03:32:50] 🔄 Repository already exists. Pulling latest changes...
[2025-10-22 03:33:41] 🚀 Starting deployment process...
[2025-10-22 03:34:54] ✅ Inputs received successfully.
[2025-10-22 03:34:54] 📦 Cloning or updating the repository...
[2025-10-22 03:34:54] 🔄 Repository already exists. Pulling latest changes...
[2025-10-22 03:44:32] 🚀 Starting deployment process...
[2025-10-22 03:46:11] ✅ Inputs received successfully.
[2025-10-22 03:46:11] 📦 Cloning or updating the repository...
[2025-10-22 03:46:11] 🔄 Repository already exists. Pulling latest changes...
[2025-10-22 03:57:28] 🚀 Starting deployment process...
[2025-10-22 03:58:20] ✅ Inputs received successfully.
[2025-10-22 03:58:20] 📦 Cloning or updating the repository...
[2025-10-22 03:58:20] 🔄 Repository already exists. Pulling latest changes...
[2025-10-22 04:40:31] 🚀 Starting deployment process...
[2025-10-22 04:41:21] ✅ Inputs received successfully.
[2025-10-22 04:41:21] 📦 Cloning or updating the repository...
[2025-10-22 04:41:21] 🔄 Repository already exists. Pulling latest changes...
